<?xml version="1.0" encoding="UTF-8"?>
<!-- Generated by org.testng.reporters.JUnitReportReporter -->
<testsuite hostname="DESKTOP-1KU98G1" failures="0" tests="2" name="com.saucedemo.testclasses.TC002_VerifyLogoutFunctionality" time="188.385" errors="0" timestamp="2022-08-07T16:14:29 IST" skipped="0">
  <testcase classname="com.saucedemo.testclasses.TC002_VerifyLogoutFunctionality" name="logoutfunctionalit" time="140.129"/>
  <system-out/>
  <testcase classname="com.saucedemo.testclasses.TC002_VerifyLogoutFunctionality" name="logoutfunctionalit" time="48.256"/>
  <system-out/>
</testsuite> <!-- com.saucedemo.testclasses.TC002_VerifyLogoutFunctionality -->
