<?xml version="1.0" encoding="UTF-8"?>
<!-- Generated by org.testng.reporters.JUnitReportReporter -->
<testsuite hostname="DESKTOP-1KU98G1" failures="0" tests="2" name="com.saucedemo.testclasses.TC004_VerifyAllProdCartFunctionality" time="189.420" errors="0" timestamp="2022-08-07T16:14:28 IST" skipped="0">
  <testcase classname="com.saucedemo.testclasses.TC004_VerifyAllProdCartFunctionality" name="allproducts" time="141.796"/>
  <system-out/>
  <testcase classname="com.saucedemo.testclasses.TC004_VerifyAllProdCartFunctionality" name="allproducts" time="47.624"/>
  <system-out/>
</testsuite> <!-- com.saucedemo.testclasses.TC004_VerifyAllProdCartFunctionality -->
