<?xml version="1.0" encoding="UTF-8"?>
<!-- Generated by org.testng.reporters.JUnitReportReporter -->
<testsuite hostname="DESKTOP-1KU98G1" failures="0" tests="2" name="com.saucedemo.testclasses.TC005_VerifyDropDownFunctionality" time="189.377" errors="0" timestamp="2022-08-07T16:14:28 IST" skipped="0">
  <testcase classname="com.saucedemo.testclasses.TC005_VerifyDropDownFunctionality" name="filterbutton" time="141.867"/>
  <system-out/>
  <testcase classname="com.saucedemo.testclasses.TC005_VerifyDropDownFunctionality" name="filterbutton" time="47.510"/>
  <system-out/>
</testsuite> <!-- com.saucedemo.testclasses.TC005_VerifyDropDownFunctionality -->
